{"__type":"$$EventMessageAudit","id":"b7d8360e-e1c7-4ee8-a193-ed97e8e8c6b9","ts":"2025-11-06T14:07:58.288+00:00","eventName":"n8n.audit.user.login.success","message":"n8n.audit.user.login.success","payload":{"userId":"1dd2210a-99e7-43b0-8c94-ca836c8bb76d","_email":"zackharo1@gmail.com","_firstName":"Isaac","_lastName":"Haro","globalRole":"global:owner","authenticationMethod":"email"}}
{"__type":"$$EventMessageConfirm","confirm":"b7d8360e-e1c7-4ee8-a193-ed97e8e8c6b9","ts":"2025-11-06T14:07:58.288+00:00","source":{"id":"0","name":"eventBus"}}
{"__type":"$$EventMessageAudit","id":"aac9e997-0d0d-4dce-9b56-8912c40c4249","ts":"2025-11-06T14:08:43.577+00:00","eventName":"n8n.audit.workflow.created","message":"n8n.audit.workflow.created","payload":{"userId":"1dd2210a-99e7-43b0-8c94-ca836c8bb76d","_email":"zackharo1@gmail.com","_firstName":"Isaac","_lastName":"Haro","globalRole":"global:owner","workflowId":"8CkxtGma22OfM9jw","workflowName":"My workflow 6"}}
{"__type":"$$EventMessageConfirm","confirm":"aac9e997-0d0d-4dce-9b56-8912c40c4249","ts":"2025-11-06T14:08:43.577+00:00","source":{"id":"0","name":"eventBus"}}
{"__type":"$$EventMessageWorkflow","id":"d60918ab-40aa-4bce-b0f9-e624ba8c84f7","ts":"2025-11-06T14:08:43.950+00:00","eventName":"n8n.workflow.started","message":"n8n.workflow.started","payload":{"executionId":"118","workflowId":"8CkxtGma22OfM9jw","isManual":false,"workflowName":"My workflow 6"}}
{"__type":"$$EventMessageConfirm","confirm":"d60918ab-40aa-4bce-b0f9-e624ba8c84f7","ts":"2025-11-06T14:08:43.950+00:00","source":{"id":"0","name":"eventBus"}}
{"__type":"$$EventMessageNode","id":"f3a6d7d6-8032-434c-a216-6afee25667fe","ts":"2025-11-06T14:08:43.951+00:00","eventName":"n8n.node.started","message":"n8n.node.started","payload":{"workflowId":"8CkxtGma22OfM9jw","workflowName":"My workflow 6","executionId":"118","nodeType":"n8n-nodes-base.gmailTrigger","nodeName":"Gmail Trigger","nodeId":"777f1cf5-6de4-4b3e-becd-bf8af21dc757"}}
{"__type":"$$EventMessageConfirm","confirm":"f3a6d7d6-8032-434c-a216-6afee25667fe","ts":"2025-11-06T14:08:43.951+00:00","source":{"id":"0","name":"eventBus"}}
{"__type":"$$EventMessageNode","id":"a860bcaf-b5fe-4c85-805b-9900d4ea3851","ts":"2025-11-06T14:08:45.617+00:00","eventName":"n8n.node.finished","message":"n8n.node.finished","payload":{"workflowId":"8CkxtGma22OfM9jw","workflowName":"My workflow 6","executionId":"118","nodeType":"n8n-nodes-base.gmailTrigger","nodeName":"Gmail Trigger","nodeId":"777f1cf5-6de4-4b3e-becd-bf8af21dc757"}}
{"__type":"$$EventMessageConfirm","confirm":"a860bcaf-b5fe-4c85-805b-9900d4ea3851","ts":"2025-11-06T14:08:45.618+00:00","source":{"id":"0","name":"eventBus"}}
{"__type":"$$EventMessageWorkflow","id":"c8910d89-8a4f-4f53-9d69-82ca628b2252","ts":"2025-11-06T14:08:45.620+00:00","eventName":"n8n.workflow.success","message":"n8n.workflow.success","payload":{"userId":"1dd2210a-99e7-43b0-8c94-ca836c8bb76d","executionId":"118","success":true,"isManual":true,"workflowId":"8CkxtGma22OfM9jw","workflowName":"My workflow 6"}}
{"__type":"$$EventMessageConfirm","confirm":"c8910d89-8a4f-4f53-9d69-82ca628b2252","ts":"2025-11-06T14:08:45.620+00:00","source":{"id":"0","name":"eventBus"}}
{"__type":"$$EventMessageWorkflow","id":"8ee45573-523b-47c2-bc8a-042fcfad9a87","ts":"2025-11-06T14:09:40.685+00:00","eventName":"n8n.workflow.started","message":"n8n.workflow.started","payload":{"executionId":"119","workflowId":"8CkxtGma22OfM9jw","isManual":false,"workflowName":"My workflow 6"}}
{"__type":"$$EventMessageConfirm","confirm":"8ee45573-523b-47c2-bc8a-042fcfad9a87","ts":"2025-11-06T14:09:40.685+00:00","source":{"id":"0","name":"eventBus"}}
{"__type":"$$EventMessageNode","id":"1b49e1e1-31fb-43cb-acb3-85f49e023e74","ts":"2025-11-06T14:09:40.686+00:00","eventName":"n8n.node.started","message":"n8n.node.started","payload":{"workflowId":"8CkxtGma22OfM9jw","workflowName":"My workflow 6","executionId":"119","nodeType":"n8n-nodes-base.gmailTrigger","nodeName":"Gmail Trigger","nodeId":"777f1cf5-6de4-4b3e-becd-bf8af21dc757"}}
{"__type":"$$EventMessageConfirm","confirm":"1b49e1e1-31fb-43cb-acb3-85f49e023e74","ts":"2025-11-06T14:09:40.686+00:00","source":{"id":"0","name":"eventBus"}}
{"__type":"$$EventMessageNode","id":"2e778442-7245-46b6-8270-3898fc0b8732","ts":"2025-11-06T14:09:41.700+00:00","eventName":"n8n.node.finished","message":"n8n.node.finished","payload":{"workflowId":"8CkxtGma22OfM9jw","workflowName":"My workflow 6","executionId":"119","nodeType":"n8n-nodes-base.gmailTrigger","nodeName":"Gmail Trigger","nodeId":"777f1cf5-6de4-4b3e-becd-bf8af21dc757"}}
{"__type":"$$EventMessageConfirm","confirm":"2e778442-7245-46b6-8270-3898fc0b8732","ts":"2025-11-06T14:09:41.701+00:00","source":{"id":"0","name":"eventBus"}}
{"__type":"$$EventMessageWorkflow","id":"6b459e02-bc92-488e-b39e-38c6496693bc","ts":"2025-11-06T14:09:41.705+00:00","eventName":"n8n.workflow.success","message":"n8n.workflow.success","payload":{"userId":"1dd2210a-99e7-43b0-8c94-ca836c8bb76d","executionId":"119","success":true,"isManual":true,"workflowId":"8CkxtGma22OfM9jw","workflowName":"My workflow 6"}}
{"__type":"$$EventMessageConfirm","confirm":"6b459e02-bc92-488e-b39e-38c6496693bc","ts":"2025-11-06T14:09:41.705+00:00","source":{"id":"0","name":"eventBus"}}
{"__type":"$$EventMessageWorkflow","id":"5d4ccc44-a8cd-4a77-87cc-2f9e7a5cf609","ts":"2025-11-06T14:12:30.138+00:00","eventName":"n8n.workflow.started","message":"n8n.workflow.started","payload":{"executionId":"120","workflowId":"8CkxtGma22OfM9jw","isManual":false,"workflowName":"My workflow 6"}}
{"__type":"$$EventMessageConfirm","confirm":"5d4ccc44-a8cd-4a77-87cc-2f9e7a5cf609","ts":"2025-11-06T14:12:30.138+00:00","source":{"id":"0","name":"eventBus"}}
{"__type":"$$EventMessageNode","id":"fdd546fb-d2d3-4b56-83a7-95ee50f5bea3","ts":"2025-11-06T14:12:30.139+00:00","eventName":"n8n.node.started","message":"n8n.node.started","payload":{"workflowId":"8CkxtGma22OfM9jw","workflowName":"My workflow 6","executionId":"120","nodeType":"n8n-nodes-base.gmail","nodeName":"Get a message","nodeId":"c0b48112-4775-4fc3-9d69-bf1df8b853ff"}}
{"__type":"$$EventMessageConfirm","confirm":"fdd546fb-d2d3-4b56-83a7-95ee50f5bea3","ts":"2025-11-06T14:12:30.139+00:00","source":{"id":"0","name":"eventBus"}}
{"__type":"$$EventMessageNode","id":"33c0c123-a732-4f8b-93c2-ea8f4a64ea15","ts":"2025-11-06T09:12:30.803-05:00","eventName":"n8n.node.finished","message":"n8n.node.finished","payload":{"workflowId":"8CkxtGma22OfM9jw","workflowName":"My workflow 6","executionId":"120","nodeType":"n8n-nodes-base.gmail","nodeName":"Get a message","nodeId":"c0b48112-4775-4fc3-9d69-bf1df8b853ff"}}
{"__type":"$$EventMessageConfirm","confirm":"33c0c123-a732-4f8b-93c2-ea8f4a64ea15","ts":"2025-11-06T09:12:30.803-05:00","source":{"id":"0","name":"eventBus"}}
{"__type":"$$EventMessageWorkflow","id":"87c94ffb-cd7c-45f9-b2c5-7464bac5e770","ts":"2025-11-06T09:12:30.808-05:00","eventName":"n8n.workflow.success","message":"n8n.workflow.success","payload":{"userId":"1dd2210a-99e7-43b0-8c94-ca836c8bb76d","executionId":"120","success":true,"isManual":true,"workflowId":"8CkxtGma22OfM9jw","workflowName":"My workflow 6"}}
{"__type":"$$EventMessageConfirm","confirm":"87c94ffb-cd7c-45f9-b2c5-7464bac5e770","ts":"2025-11-06T09:12:30.809-05:00","source":{"id":"0","name":"eventBus"}}
{"__type":"$$EventMessageWorkflow","id":"970245e9-57ef-4284-9683-2780e113a96e","ts":"2025-11-06T09:13:36.039-05:00","eventName":"n8n.workflow.started","message":"n8n.workflow.started","payload":{"executionId":"121","workflowId":"8CkxtGma22OfM9jw","isManual":false,"workflowName":"My workflow 6"}}
{"__type":"$$EventMessageConfirm","confirm":"970245e9-57ef-4284-9683-2780e113a96e","ts":"2025-11-06T09:13:36.040-05:00","source":{"id":"0","name":"eventBus"}}
{"__type":"$$EventMessageNode","id":"96f9e865-6bdb-4918-8e54-8ec1617a536a","ts":"2025-11-06T09:13:36.040-05:00","eventName":"n8n.node.started","message":"n8n.node.started","payload":{"workflowId":"8CkxtGma22OfM9jw","workflowName":"My workflow 6","executionId":"121","nodeType":"n8n-nodes-base.extractFromFile","nodeName":"Extract from File","nodeId":"b8fcd4a3-7b9c-4a75-909f-df2e1a494292"}}
{"__type":"$$EventMessageConfirm","confirm":"96f9e865-6bdb-4918-8e54-8ec1617a536a","ts":"2025-11-06T09:13:36.040-05:00","source":{"id":"0","name":"eventBus"}}
{"__type":"$$EventMessageNode","id":"2a1e4d53-93f6-413f-9a16-3bf7f0a3e3c0","ts":"2025-11-06T09:13:36.071-05:00","eventName":"n8n.node.finished","message":"n8n.node.finished","payload":{"workflowId":"8CkxtGma22OfM9jw","workflowName":"My workflow 6","executionId":"121","nodeType":"n8n-nodes-base.extractFromFile","nodeName":"Extract from File","nodeId":"b8fcd4a3-7b9c-4a75-909f-df2e1a494292"}}
{"__type":"$$EventMessageConfirm","confirm":"2a1e4d53-93f6-413f-9a16-3bf7f0a3e3c0","ts":"2025-11-06T09:13:36.072-05:00","source":{"id":"0","name":"eventBus"}}
{"__type":"$$EventMessageWorkflow","id":"22941571-7f82-41bb-8a52-e8df8bf0e922","ts":"2025-11-06T09:13:36.074-05:00","eventName":"n8n.workflow.failed","message":"n8n.workflow.failed","payload":{"userId":"1dd2210a-99e7-43b0-8c94-ca836c8bb76d","executionId":"121","success":false,"isManual":true,"workflowId":"8CkxtGma22OfM9jw","workflowName":"My workflow 6","lastNodeExecuted":"Extract from File","errorNodeType":"n8n-nodes-base.extractFromFile","errorMessage":"This operation expects the node's input data to contain a binary file 'data', but none was found [item 0]"}}
{"__type":"$$EventMessageConfirm","confirm":"22941571-7f82-41bb-8a52-e8df8bf0e922","ts":"2025-11-06T09:13:36.074-05:00","source":{"id":"0","name":"eventBus"}}
{"__type":"$$EventMessageWorkflow","id":"f24313ec-4b5b-455f-833a-c39db6c43c44","ts":"2025-11-06T09:14:55.396-05:00","eventName":"n8n.workflow.started","message":"n8n.workflow.started","payload":{"executionId":"122","workflowId":"8CkxtGma22OfM9jw","isManual":false,"workflowName":"Leer PDFs Gmail"}}
{"__type":"$$EventMessageConfirm","confirm":"f24313ec-4b5b-455f-833a-c39db6c43c44","ts":"2025-11-06T09:14:55.396-05:00","source":{"id":"0","name":"eventBus"}}
{"__type":"$$EventMessageNode","id":"277f7f60-579c-4ad7-a899-3eb5db70ba9b","ts":"2025-11-06T09:14:55.397-05:00","eventName":"n8n.node.started","message":"n8n.node.started","payload":{"workflowId":"8CkxtGma22OfM9jw","workflowName":"Leer PDFs Gmail","executionId":"122","nodeType":"n8n-nodes-base.gmailTrigger","nodeName":"Gmail Trigger1","nodeId":"1d30f4d1-5089-4664-9fc9-8b3d68800b34"}}
{"__type":"$$EventMessageConfirm","confirm":"277f7f60-579c-4ad7-a899-3eb5db70ba9b","ts":"2025-11-06T09:14:55.397-05:00","source":{"id":"0","name":"eventBus"}}
{"__type":"$$EventMessageNode","id":"53edf70b-3ec0-4572-bfea-568d07b3e023","ts":"2025-11-06T09:14:56.356-05:00","eventName":"n8n.node.finished","message":"n8n.node.finished","payload":{"workflowId":"8CkxtGma22OfM9jw","workflowName":"Leer PDFs Gmail","executionId":"122","nodeType":"n8n-nodes-base.gmailTrigger","nodeName":"Gmail Trigger1","nodeId":"1d30f4d1-5089-4664-9fc9-8b3d68800b34"}}
{"__type":"$$EventMessageConfirm","confirm":"53edf70b-3ec0-4572-bfea-568d07b3e023","ts":"2025-11-06T09:14:56.357-05:00","source":{"id":"0","name":"eventBus"}}
{"__type":"$$EventMessageWorkflow","id":"c9f33457-7015-4455-831f-7c58f408ded0","ts":"2025-11-06T09:14:56.373-05:00","eventName":"n8n.workflow.success","message":"n8n.workflow.success","payload":{"userId":"1dd2210a-99e7-43b0-8c94-ca836c8bb76d","executionId":"122","success":true,"isManual":true,"workflowId":"8CkxtGma22OfM9jw","workflowName":"Leer PDFs Gmail"}}
{"__type":"$$EventMessageConfirm","confirm":"c9f33457-7015-4455-831f-7c58f408ded0","ts":"2025-11-06T09:14:56.373-05:00","source":{"id":"0","name":"eventBus"}}
{"__type":"$$EventMessageWorkflow","id":"94ff1a92-d8f1-4dd8-a16d-2862332ea528","ts":"2025-11-06T09:14:58.683-05:00","eventName":"n8n.workflow.started","message":"n8n.workflow.started","payload":{"executionId":"123","workflowId":"8CkxtGma22OfM9jw","isManual":false,"workflowName":"Leer PDFs Gmail"}}
{"__type":"$$EventMessageConfirm","confirm":"94ff1a92-d8f1-4dd8-a16d-2862332ea528","ts":"2025-11-06T09:14:58.684-05:00","source":{"id":"0","name":"eventBus"}}
{"__type":"$$EventMessageNode","id":"7941143a-500b-4991-9a44-a61caf36e1cd","ts":"2025-11-06T09:14:58.684-05:00","eventName":"n8n.node.started","message":"n8n.node.started","payload":{"workflowId":"8CkxtGma22OfM9jw","workflowName":"Leer PDFs Gmail","executionId":"123","nodeType":"n8n-nodes-base.gmailTrigger","nodeName":"Gmail Trigger1","nodeId":"1d30f4d1-5089-4664-9fc9-8b3d68800b34"}}
{"__type":"$$EventMessageConfirm","confirm":"7941143a-500b-4991-9a44-a61caf36e1cd","ts":"2025-11-06T09:14:58.684-05:00","source":{"id":"0","name":"eventBus"}}
{"__type":"$$EventMessageNode","id":"a6d47969-9531-46be-8e31-131887543131","ts":"2025-11-06T09:14:59.629-05:00","eventName":"n8n.node.finished","message":"n8n.node.finished","payload":{"workflowId":"8CkxtGma22OfM9jw","workflowName":"Leer PDFs Gmail","executionId":"123","nodeType":"n8n-nodes-base.gmailTrigger","nodeName":"Gmail Trigger1","nodeId":"1d30f4d1-5089-4664-9fc9-8b3d68800b34"}}
{"__type":"$$EventMessageConfirm","confirm":"a6d47969-9531-46be-8e31-131887543131","ts":"2025-11-06T09:14:59.629-05:00","source":{"id":"0","name":"eventBus"}}
{"__type":"$$EventMessageWorkflow","id":"7f518380-2a82-4f53-b0a0-1fca421a389f","ts":"2025-11-06T09:14:59.631-05:00","eventName":"n8n.workflow.success","message":"n8n.workflow.success","payload":{"userId":"1dd2210a-99e7-43b0-8c94-ca836c8bb76d","executionId":"123","success":true,"isManual":true,"workflowId":"8CkxtGma22OfM9jw","workflowName":"Leer PDFs Gmail"}}
{"__type":"$$EventMessageConfirm","confirm":"7f518380-2a82-4f53-b0a0-1fca421a389f","ts":"2025-11-06T09:14:59.632-05:00","source":{"id":"0","name":"eventBus"}}
{"__type":"$$EventMessageWorkflow","id":"898db19d-4176-4c8c-a9a6-5bfccf166c00","ts":"2025-11-06T09:15:06.204-05:00","eventName":"n8n.workflow.started","message":"n8n.workflow.started","payload":{"executionId":"124","workflowId":"8CkxtGma22OfM9jw","isManual":false,"workflowName":"Leer PDFs Gmail"}}
{"__type":"$$EventMessageConfirm","confirm":"898db19d-4176-4c8c-a9a6-5bfccf166c00","ts":"2025-11-06T09:15:06.205-05:00","source":{"id":"0","name":"eventBus"}}
{"__type":"$$EventMessageNode","id":"e42a079e-14fb-45ed-a984-a3449f2f2b2f","ts":"2025-11-06T09:15:06.206-05:00","eventName":"n8n.node.started","message":"n8n.node.started","payload":{"workflowId":"8CkxtGma22OfM9jw","workflowName":"Leer PDFs Gmail","executionId":"124","nodeType":"n8n-nodes-base.gmail","nodeName":"Get Message","nodeId":"e1b864b6-305e-43a3-9bcb-643e5117f280"}}
{"__type":"$$EventMessageConfirm","confirm":"e42a079e-14fb-45ed-a984-a3449f2f2b2f","ts":"2025-11-06T09:15:06.206-05:00","source":{"id":"0","name":"eventBus"}}
{"__type":"$$EventMessageNode","id":"6d8949d7-2885-46bd-8374-7b007e447258","ts":"2025-11-06T09:15:06.834-05:00","eventName":"n8n.node.finished","message":"n8n.node.finished","payload":{"workflowId":"8CkxtGma22OfM9jw","workflowName":"Leer PDFs Gmail","executionId":"124","nodeType":"n8n-nodes-base.gmail","nodeName":"Get Message","nodeId":"e1b864b6-305e-43a3-9bcb-643e5117f280"}}
{"__type":"$$EventMessageConfirm","confirm":"6d8949d7-2885-46bd-8374-7b007e447258","ts":"2025-11-06T09:15:06.834-05:00","source":{"id":"0","name":"eventBus"}}
{"__type":"$$EventMessageWorkflow","id":"dbcad29a-8d3b-4396-873f-e4f629ffcc54","ts":"2025-11-06T09:15:06.840-05:00","eventName":"n8n.workflow.success","message":"n8n.workflow.success","payload":{"userId":"1dd2210a-99e7-43b0-8c94-ca836c8bb76d","executionId":"124","success":true,"isManual":true,"workflowId":"8CkxtGma22OfM9jw","workflowName":"Leer PDFs Gmail"}}
{"__type":"$$EventMessageConfirm","confirm":"dbcad29a-8d3b-4396-873f-e4f629ffcc54","ts":"2025-11-06T09:15:06.840-05:00","source":{"id":"0","name":"eventBus"}}
{"__type":"$$EventMessageWorkflow","id":"7fe90a3b-556d-4688-b57f-66da178cdb17","ts":"2025-11-06T09:15:13.108-05:00","eventName":"n8n.workflow.started","message":"n8n.workflow.started","payload":{"executionId":"125","workflowId":"8CkxtGma22OfM9jw","isManual":false,"workflowName":"Leer PDFs Gmail"}}
{"__type":"$$EventMessageConfirm","confirm":"7fe90a3b-556d-4688-b57f-66da178cdb17","ts":"2025-11-06T09:15:13.108-05:00","source":{"id":"0","name":"eventBus"}}
{"__type":"$$EventMessageNode","id":"34b9ab7c-65da-4cda-b11b-5322293a9486","ts":"2025-11-06T09:15:13.110-05:00","eventName":"n8n.node.started","message":"n8n.node.started","payload":{"workflowId":"8CkxtGma22OfM9jw","workflowName":"Leer PDFs Gmail","executionId":"125","nodeType":"n8n-nodes-base.function","nodeName":"Separar PDFs","nodeId":"8a6074b2-2f90-43ad-94cb-706aa5203734"}}
{"__type":"$$EventMessageConfirm","confirm":"34b9ab7c-65da-4cda-b11b-5322293a9486","ts":"2025-11-06T09:15:13.110-05:00","source":{"id":"0","name":"eventBus"}}
{"__type":"$$EventMessageNode","id":"fe60b6bb-3460-4d64-87aa-78845938fbec","ts":"2025-11-06T09:15:13.139-05:00","eventName":"n8n.node.finished","message":"n8n.node.finished","payload":{"workflowId":"8CkxtGma22OfM9jw","workflowName":"Leer PDFs Gmail","executionId":"125","nodeType":"n8n-nodes-base.function","nodeName":"Separar PDFs","nodeId":"8a6074b2-2f90-43ad-94cb-706aa5203734"}}
{"__type":"$$EventMessageConfirm","confirm":"fe60b6bb-3460-4d64-87aa-78845938fbec","ts":"2025-11-06T09:15:13.140-05:00","source":{"id":"0","name":"eventBus"}}
{"__type":"$$EventMessageWorkflow","id":"4cd799d2-6f17-41a9-b582-121be488b5dc","ts":"2025-11-06T09:15:13.145-05:00","eventName":"n8n.workflow.success","message":"n8n.workflow.success","payload":{"userId":"1dd2210a-99e7-43b0-8c94-ca836c8bb76d","executionId":"125","success":true,"isManual":true,"workflowId":"8CkxtGma22OfM9jw","workflowName":"Leer PDFs Gmail"}}
{"__type":"$$EventMessageConfirm","confirm":"4cd799d2-6f17-41a9-b582-121be488b5dc","ts":"2025-11-06T09:15:13.145-05:00","source":{"id":"0","name":"eventBus"}}
{"__type":"$$EventMessageWorkflow","id":"4c15be88-b9c1-4000-bd78-ebe10f766f04","ts":"2025-11-06T09:15:19.101-05:00","eventName":"n8n.workflow.started","message":"n8n.workflow.started","payload":{"executionId":"126","workflowId":"8CkxtGma22OfM9jw","isManual":false,"workflowName":"Leer PDFs Gmail"}}
{"__type":"$$EventMessageConfirm","confirm":"4c15be88-b9c1-4000-bd78-ebe10f766f04","ts":"2025-11-06T09:15:19.101-05:00","source":{"id":"0","name":"eventBus"}}
{"__type":"$$EventMessageWorkflow","id":"3fa14961-7d7d-43a8-b6d8-85dfae6ffeda","ts":"2025-11-06T09:15:19.108-05:00","eventName":"n8n.workflow.success","message":"n8n.workflow.success","payload":{"userId":"1dd2210a-99e7-43b0-8c94-ca836c8bb76d","executionId":"126","success":true,"isManual":true,"workflowId":"8CkxtGma22OfM9jw","workflowName":"Leer PDFs Gmail"}}
{"__type":"$$EventMessageConfirm","confirm":"3fa14961-7d7d-43a8-b6d8-85dfae6ffeda","ts":"2025-11-06T09:15:19.109-05:00","source":{"id":"0","name":"eventBus"}}
{"__type":"$$EventMessageWorkflow","id":"9f2271cb-a483-48c3-ac91-b05d104c791f","ts":"2025-11-06T09:15:34.910-05:00","eventName":"n8n.workflow.started","message":"n8n.workflow.started","payload":{"executionId":"127","workflowId":"8CkxtGma22OfM9jw","isManual":false,"workflowName":"Leer PDFs Gmail"}}
{"__type":"$$EventMessageConfirm","confirm":"9f2271cb-a483-48c3-ac91-b05d104c791f","ts":"2025-11-06T09:15:34.911-05:00","source":{"id":"0","name":"eventBus"}}
{"__type":"$$EventMessageNode","id":"0522801f-d219-4289-afa7-2e513dbfa1fe","ts":"2025-11-06T09:15:34.911-05:00","eventName":"n8n.node.started","message":"n8n.node.started","payload":{"workflowId":"8CkxtGma22OfM9jw","workflowName":"Leer PDFs Gmail","executionId":"127","nodeType":"n8n-nodes-base.gmail","nodeName":"Get Message","nodeId":"e1b864b6-305e-43a3-9bcb-643e5117f280"}}
{"__type":"$$EventMessageConfirm","confirm":"0522801f-d219-4289-afa7-2e513dbfa1fe","ts":"2025-11-06T09:15:34.911-05:00","source":{"id":"0","name":"eventBus"}}
{"__type":"$$EventMessageNode","id":"4ab96b7e-51b8-41c4-95f2-4a286c3c99e2","ts":"2025-11-06T09:15:35.646-05:00","eventName":"n8n.node.finished","message":"n8n.node.finished","payload":{"workflowId":"8CkxtGma22OfM9jw","workflowName":"Leer PDFs Gmail","executionId":"127","nodeType":"n8n-nodes-base.gmail","nodeName":"Get Message","nodeId":"e1b864b6-305e-43a3-9bcb-643e5117f280"}}
{"__type":"$$EventMessageConfirm","confirm":"4ab96b7e-51b8-41c4-95f2-4a286c3c99e2","ts":"2025-11-06T09:15:35.646-05:00","source":{"id":"0","name":"eventBus"}}
{"__type":"$$EventMessageWorkflow","id":"135e90de-e8ca-4e7d-ab1d-1d73f6ef31e6","ts":"2025-11-06T09:15:35.648-05:00","eventName":"n8n.workflow.success","message":"n8n.workflow.success","payload":{"userId":"1dd2210a-99e7-43b0-8c94-ca836c8bb76d","executionId":"127","success":true,"isManual":true,"workflowId":"8CkxtGma22OfM9jw","workflowName":"Leer PDFs Gmail"}}
{"__type":"$$EventMessageConfirm","confirm":"135e90de-e8ca-4e7d-ab1d-1d73f6ef31e6","ts":"2025-11-06T09:15:35.649-05:00","source":{"id":"0","name":"eventBus"}}
{"__type":"$$EventMessageWorkflow","id":"9fa3624d-440f-47e6-b3de-270a94b4a766","ts":"2025-11-06T09:16:52.275-05:00","eventName":"n8n.workflow.started","message":"n8n.workflow.started","payload":{"executionId":"128","workflowId":"8CkxtGma22OfM9jw","isManual":false,"workflowName":"Leer PDFs Gmail"}}
{"__type":"$$EventMessageConfirm","confirm":"9fa3624d-440f-47e6-b3de-270a94b4a766","ts":"2025-11-06T09:16:52.276-05:00","source":{"id":"0","name":"eventBus"}}
{"__type":"$$EventMessageNode","id":"bc28cf15-cdff-486b-8ea5-82dc7029f57d","ts":"2025-11-06T09:16:52.278-05:00","eventName":"n8n.node.started","message":"n8n.node.started","payload":{"workflowId":"8CkxtGma22OfM9jw","workflowName":"Leer PDFs Gmail","executionId":"128","nodeType":"n8n-nodes-base.gmail","nodeName":"Get Message","nodeId":"e1b864b6-305e-43a3-9bcb-643e5117f280"}}
{"__type":"$$EventMessageConfirm","confirm":"bc28cf15-cdff-486b-8ea5-82dc7029f57d","ts":"2025-11-06T09:16:52.279-05:00","source":{"id":"0","name":"eventBus"}}
{"__type":"$$EventMessageNode","id":"df8f289d-3e2a-4af4-86d5-b5113f93c223","ts":"2025-11-06T09:16:52.940-05:00","eventName":"n8n.node.finished","message":"n8n.node.finished","payload":{"workflowId":"8CkxtGma22OfM9jw","workflowName":"Leer PDFs Gmail","executionId":"128","nodeType":"n8n-nodes-base.gmail","nodeName":"Get Message","nodeId":"e1b864b6-305e-43a3-9bcb-643e5117f280"}}
{"__type":"$$EventMessageConfirm","confirm":"df8f289d-3e2a-4af4-86d5-b5113f93c223","ts":"2025-11-06T09:16:52.940-05:00","source":{"id":"0","name":"eventBus"}}
{"__type":"$$EventMessageWorkflow","id":"f727f6e8-6201-4deb-badd-a952bb9e1664","ts":"2025-11-06T09:16:52.945-05:00","eventName":"n8n.workflow.success","message":"n8n.workflow.success","payload":{"userId":"1dd2210a-99e7-43b0-8c94-ca836c8bb76d","executionId":"128","success":true,"isManual":true,"workflowId":"8CkxtGma22OfM9jw","workflowName":"Leer PDFs Gmail"}}
{"__type":"$$EventMessageConfirm","confirm":"f727f6e8-6201-4deb-badd-a952bb9e1664","ts":"2025-11-06T09:16:52.945-05:00","source":{"id":"0","name":"eventBus"}}
